<?xml version="1.0" encoding="UTF-8"?>
<!-- Generated by org.testng.reporters.JUnitXMLReporter -->
<testsuite ignored="0" hostname="DESKTOP-J7DNQ9P" failures="1" tests="3" name="Test" time="122.229" errors="0" timestamp="2024-08-01T16:01:22 IST">
  <testcase classname="AlterShop_TesteCases.TC_001_AlterShop_SearchFunctionality" name="seacrhFunctionalitytest" time="28.538"/>
  <testcase classname="AlterShop_TesteCases.TC_002_AlterShop_AssetDeatils" name="AssetDetailsTest" time="9.168">
    <failure type="java.lang.IllegalAccessError" message="class AlterShop_PageObjects.AlterShop_HomePage (in unnamed module @0x271053e1) cannot access class jdk.internal.org.jline.utils.Log (in module jdk.internal.le) because module jdk.internal.le does not export jdk.internal.org.jline.utils to unnamed module @0x271053e1">
      <![CDATA[java.lang.IllegalAccessError: class AlterShop_PageObjects.AlterShop_HomePage (in unnamed module @0x271053e1) cannot access class jdk.internal.org.jline.utils.Log (in module jdk.internal.le) because module jdk.internal.le does not export jdk.internal.org.jline.utils to unnamed module @0x271053e1
at AlterShop_PageObjects.AlterShop_HomePage.AssetDetailsFunctionality(AlterShop_HomePage.java:95)
at AlterShop_TesteCases.TC_002_AlterShop_AssetDeatils.AssetDetailsTest(TC_002_AlterShop_AssetDeatils.java:15)
at java.base/java.util.ArrayList.forEach(ArrayList.java:1511)
... Removed 27 stack frames]]>
    </failure>
  </testcase> <!-- AssetDetailsTest -->
  <testcase classname="AlterShop_TesteCases.TC_003_AlterShop_CreatorProfile" name="createProfileTest" time="33.561"/>
</testsuite> <!-- Test -->
